14:20:27 INFO  : Registering command handlers for SDK TCF services
14:20:27 INFO  : Launching XSCT server: xsct.bat -interactive C:\Users\WH\Amro_PZ101\1030_latest\pz101_NO_OS_PPS_1030_intr_udp\PZ_PZP101_NO_OS.sdk\temp_xsdb_launch_script.tcl
14:20:29 INFO  : XSCT server has started successfully.
14:20:30 INFO  : Successfully done setting XSCT server connection channel  
14:20:30 INFO  : Successfully done setting SDK workspace  
14:20:30 INFO  : Processing command line option -hwspec C:/Users/WH/Amro_PZ101/1030_latest/pz101_NO_OS_PPS_1030_intr_udp/PZ_PZP101_NO_OS.sdk/system_top.hdf.
14:43:06 INFO  : Connected to target on host '127.0.0.1' and port '3121'.
14:43:06 INFO  : 'targets -set -filter {jtag_cable_name =~ "Digilent JTAG-SMT1 210203859289A" && level==0} -index 1' command is executed.
14:43:16 INFO  : FPGA configured successfully with bitstream "C:/Users/WH/Amro_PZ101/1030_latest/pz101_NO_OS_PPS_1030_intr_udp/PZ_PZP101_NO_OS.sdk/system_top_hw_platform_0/system_top.bit"
14:43:29 INFO  : 'targets -set -filter {jtag_cable_name =~ "Digilent JTAG-SMT1 210203859289A" && level==0} -index 1' command is executed.
14:43:29 INFO  : 'fpga -state' command is executed.
14:43:29 INFO  : Connected to target on host '127.0.0.1' and port '3121'.
14:43:29 INFO  : Jtag cable 'Digilent JTAG-SMT1 210203859289A' is selected.
14:43:29 INFO  : 'jtag frequency' command is executed.
14:43:29 INFO  : Sourcing of 'C:/Users/WH/Amro_PZ101/1030_latest/pz101_NO_OS_PPS_1030_intr_udp/PZ_PZP101_NO_OS.sdk/system_top_hw_platform_0/ps7_init.tcl' is done.
14:43:29 INFO  : Context for 'APU' is selected.
14:43:29 INFO  : Hardware design information is loaded from 'C:/Users/WH/Amro_PZ101/1030_latest/pz101_NO_OS_PPS_1030_intr_udp/PZ_PZP101_NO_OS.sdk/system_top_hw_platform_0/system.hdf'.
14:43:29 INFO  : 'configparams force-mem-access 1' command is executed.
14:43:29 INFO  : Context for 'APU' is selected.
14:43:30 INFO  : 'stop' command is executed.
14:43:30 INFO  : 'ps7_init' command is executed.
14:43:30 INFO  : 'ps7_post_config' command is executed.
14:43:30 INFO  : Context for processor 'ps7_cortexa9_0' is selected.
14:43:30 INFO  : Processor reset is completed for 'ps7_cortexa9_0'.
14:43:30 INFO  : Context for processor 'ps7_cortexa9_0' is selected.
14:43:32 INFO  : The application 'C:/Users/WH/Amro_PZ101/1030_latest/pz101_NO_OS_PPS_1030_intr_udp/PZ_PZP101_NO_OS.sdk/test/Debug/test.elf' is downloaded to processor 'ps7_cortexa9_0'.
14:43:32 INFO  : 'configparams force-mem-access 0' command is executed.
14:43:32 INFO  : ----------------XSDB Script----------------
connect -url tcp:127.0.0.1:3121
source C:/Users/WH/Amro_PZ101/1030_latest/pz101_NO_OS_PPS_1030_intr_udp/PZ_PZP101_NO_OS.sdk/system_top_hw_platform_0/ps7_init.tcl
targets -set -nocase -filter {name =~"APU*" && jtag_cable_name =~ "Digilent JTAG-SMT1 210203859289A"} -index 0
loadhw -hw C:/Users/WH/Amro_PZ101/1030_latest/pz101_NO_OS_PPS_1030_intr_udp/PZ_PZP101_NO_OS.sdk/system_top_hw_platform_0/system.hdf -mem-ranges [list {0x40000000 0xbfffffff}]
configparams force-mem-access 1
targets -set -nocase -filter {name =~"APU*" && jtag_cable_name =~ "Digilent JTAG-SMT1 210203859289A"} -index 0
stop
ps7_init
ps7_post_config
targets -set -nocase -filter {name =~ "ARM*#0" && jtag_cable_name =~ "Digilent JTAG-SMT1 210203859289A"} -index 0
rst -processor
targets -set -nocase -filter {name =~ "ARM*#0" && jtag_cable_name =~ "Digilent JTAG-SMT1 210203859289A"} -index 0
dow C:/Users/WH/Amro_PZ101/1030_latest/pz101_NO_OS_PPS_1030_intr_udp/PZ_PZP101_NO_OS.sdk/test/Debug/test.elf
configparams force-mem-access 0
----------------End of Script----------------

14:43:32 INFO  : Memory regions updated for context APU
14:43:32 INFO  : Context for processor 'ps7_cortexa9_0' is selected.
14:43:32 INFO  : 'con' command is executed.
14:43:32 INFO  : ----------------XSDB Script (After Launch)----------------
targets -set -nocase -filter {name =~ "ARM*#0" && jtag_cable_name =~ "Digilent JTAG-SMT1 210203859289A"} -index 0
con
----------------End of Script----------------

14:43:32 INFO  : Launch script is exported to file 'C:\Users\WH\Amro_PZ101\1030_latest\pz101_NO_OS_PPS_1030_intr_udp\PZ_PZP101_NO_OS.sdk\.sdk\launch_scripts\xilinx_c-c++_application_(system_debugger)\system_debugger_using_debug_test.elf_on_local.tcl'
14:45:13 INFO  : Disconnected from the channel tcfchan#1.
14:45:14 INFO  : 'targets -set -filter {jtag_cable_name =~ "Digilent JTAG-SMT1 210203859289A" && level==0} -index 1' command is executed.
14:45:14 INFO  : 'fpga -state' command is executed.
14:45:14 INFO  : Connected to target on host '127.0.0.1' and port '3121'.
14:45:15 INFO  : Jtag cable 'Digilent JTAG-SMT1 210203859289A' is selected.
14:45:15 INFO  : 'jtag frequency' command is executed.
14:45:15 INFO  : Sourcing of 'C:/Users/WH/Amro_PZ101/1030_latest/pz101_NO_OS_PPS_1030_intr_udp/PZ_PZP101_NO_OS.sdk/system_top_hw_platform_0/ps7_init.tcl' is done.
14:45:15 INFO  : Context for 'APU' is selected.
14:45:17 INFO  : Hardware design information is loaded from 'C:/Users/WH/Amro_PZ101/1030_latest/pz101_NO_OS_PPS_1030_intr_udp/PZ_PZP101_NO_OS.sdk/system_top_hw_platform_0/system.hdf'.
14:45:17 INFO  : 'configparams force-mem-access 1' command is executed.
14:45:17 INFO  : Context for 'APU' is selected.
14:45:18 INFO  : 'stop' command is executed.
14:45:18 INFO  : 'ps7_init' command is executed.
14:45:18 INFO  : 'ps7_post_config' command is executed.
14:45:18 INFO  : Context for processor 'ps7_cortexa9_0' is selected.
14:45:18 INFO  : Processor reset is completed for 'ps7_cortexa9_0'.
14:45:18 INFO  : Context for processor 'ps7_cortexa9_0' is selected.
14:45:19 INFO  : The application 'C:/Users/WH/Amro_PZ101/1030_latest/pz101_NO_OS_PPS_1030_intr_udp/PZ_PZP101_NO_OS.sdk/test/Debug/test.elf' is downloaded to processor 'ps7_cortexa9_0'.
14:45:19 INFO  : 'configparams force-mem-access 0' command is executed.
14:45:19 INFO  : ----------------XSDB Script----------------
connect -url tcp:127.0.0.1:3121
source C:/Users/WH/Amro_PZ101/1030_latest/pz101_NO_OS_PPS_1030_intr_udp/PZ_PZP101_NO_OS.sdk/system_top_hw_platform_0/ps7_init.tcl
targets -set -nocase -filter {name =~"APU*" && jtag_cable_name =~ "Digilent JTAG-SMT1 210203859289A"} -index 0
loadhw -hw C:/Users/WH/Amro_PZ101/1030_latest/pz101_NO_OS_PPS_1030_intr_udp/PZ_PZP101_NO_OS.sdk/system_top_hw_platform_0/system.hdf -mem-ranges [list {0x40000000 0xbfffffff}]
configparams force-mem-access 1
targets -set -nocase -filter {name =~"APU*" && jtag_cable_name =~ "Digilent JTAG-SMT1 210203859289A"} -index 0
stop
ps7_init
ps7_post_config
targets -set -nocase -filter {name =~ "ARM*#0" && jtag_cable_name =~ "Digilent JTAG-SMT1 210203859289A"} -index 0
rst -processor
targets -set -nocase -filter {name =~ "ARM*#0" && jtag_cable_name =~ "Digilent JTAG-SMT1 210203859289A"} -index 0
dow C:/Users/WH/Amro_PZ101/1030_latest/pz101_NO_OS_PPS_1030_intr_udp/PZ_PZP101_NO_OS.sdk/test/Debug/test.elf
configparams force-mem-access 0
----------------End of Script----------------

14:45:19 INFO  : Memory regions updated for context APU
14:45:19 INFO  : Context for processor 'ps7_cortexa9_0' is selected.
14:45:19 INFO  : 'con' command is executed.
14:45:19 INFO  : ----------------XSDB Script (After Launch)----------------
targets -set -nocase -filter {name =~ "ARM*#0" && jtag_cable_name =~ "Digilent JTAG-SMT1 210203859289A"} -index 0
con
----------------End of Script----------------

14:45:19 INFO  : Launch script is exported to file 'C:\Users\WH\Amro_PZ101\1030_latest\pz101_NO_OS_PPS_1030_intr_udp\PZ_PZP101_NO_OS.sdk\.sdk\launch_scripts\xilinx_c-c++_application_(system_debugger)\system_debugger_using_debug_test.elf_on_local.tcl'
14:46:48 INFO  : Disconnected from the channel tcfchan#2.
14:46:49 INFO  : 'targets -set -filter {jtag_cable_name =~ "Digilent JTAG-SMT1 210203859289A" && level==0} -index 1' command is executed.
14:46:49 INFO  : 'fpga -state' command is executed.
14:46:49 INFO  : Connected to target on host '127.0.0.1' and port '3121'.
14:46:49 INFO  : Jtag cable 'Digilent JTAG-SMT1 210203859289A' is selected.
14:46:49 INFO  : 'jtag frequency' command is executed.
14:46:49 INFO  : Sourcing of 'C:/Users/WH/Amro_PZ101/1030_latest/pz101_NO_OS_PPS_1030_intr_udp/PZ_PZP101_NO_OS.sdk/system_top_hw_platform_0/ps7_init.tcl' is done.
14:46:49 INFO  : Context for 'APU' is selected.
14:46:52 INFO  : Hardware design information is loaded from 'C:/Users/WH/Amro_PZ101/1030_latest/pz101_NO_OS_PPS_1030_intr_udp/PZ_PZP101_NO_OS.sdk/system_top_hw_platform_0/system.hdf'.
14:46:52 INFO  : 'configparams force-mem-access 1' command is executed.
14:46:52 INFO  : Context for 'APU' is selected.
14:46:52 INFO  : 'stop' command is executed.
14:46:53 INFO  : 'ps7_init' command is executed.
14:46:53 INFO  : 'ps7_post_config' command is executed.
14:46:53 INFO  : Context for processor 'ps7_cortexa9_0' is selected.
14:46:53 INFO  : Processor reset is completed for 'ps7_cortexa9_0'.
14:46:53 INFO  : Context for processor 'ps7_cortexa9_0' is selected.
14:46:54 INFO  : The application 'C:/Users/WH/Amro_PZ101/1030_latest/pz101_NO_OS_PPS_1030_intr_udp/PZ_PZP101_NO_OS.sdk/test/Debug/test.elf' is downloaded to processor 'ps7_cortexa9_0'.
14:46:54 INFO  : 'configparams force-mem-access 0' command is executed.
14:46:54 INFO  : ----------------XSDB Script----------------
connect -url tcp:127.0.0.1:3121
source C:/Users/WH/Amro_PZ101/1030_latest/pz101_NO_OS_PPS_1030_intr_udp/PZ_PZP101_NO_OS.sdk/system_top_hw_platform_0/ps7_init.tcl
targets -set -nocase -filter {name =~"APU*" && jtag_cable_name =~ "Digilent JTAG-SMT1 210203859289A"} -index 0
loadhw -hw C:/Users/WH/Amro_PZ101/1030_latest/pz101_NO_OS_PPS_1030_intr_udp/PZ_PZP101_NO_OS.sdk/system_top_hw_platform_0/system.hdf -mem-ranges [list {0x40000000 0xbfffffff}]
configparams force-mem-access 1
targets -set -nocase -filter {name =~"APU*" && jtag_cable_name =~ "Digilent JTAG-SMT1 210203859289A"} -index 0
stop
ps7_init
ps7_post_config
targets -set -nocase -filter {name =~ "ARM*#0" && jtag_cable_name =~ "Digilent JTAG-SMT1 210203859289A"} -index 0
rst -processor
targets -set -nocase -filter {name =~ "ARM*#0" && jtag_cable_name =~ "Digilent JTAG-SMT1 210203859289A"} -index 0
dow C:/Users/WH/Amro_PZ101/1030_latest/pz101_NO_OS_PPS_1030_intr_udp/PZ_PZP101_NO_OS.sdk/test/Debug/test.elf
configparams force-mem-access 0
----------------End of Script----------------

14:46:54 INFO  : Memory regions updated for context APU
14:46:54 INFO  : Context for processor 'ps7_cortexa9_0' is selected.
14:46:54 INFO  : 'con' command is executed.
14:46:54 INFO  : ----------------XSDB Script (After Launch)----------------
targets -set -nocase -filter {name =~ "ARM*#0" && jtag_cable_name =~ "Digilent JTAG-SMT1 210203859289A"} -index 0
con
----------------End of Script----------------

14:46:54 INFO  : Launch script is exported to file 'C:\Users\WH\Amro_PZ101\1030_latest\pz101_NO_OS_PPS_1030_intr_udp\PZ_PZP101_NO_OS.sdk\.sdk\launch_scripts\xilinx_c-c++_application_(system_debugger)\system_debugger_using_debug_test.elf_on_local.tcl'
14:47:52 INFO  : Disconnected from the channel tcfchan#3.
14:47:53 INFO  : 'targets -set -filter {jtag_cable_name =~ "Digilent JTAG-SMT1 210203859289A" && level==0} -index 1' command is executed.
14:47:53 INFO  : 'fpga -state' command is executed.
14:47:53 INFO  : Connected to target on host '127.0.0.1' and port '3121'.
14:47:53 INFO  : Jtag cable 'Digilent JTAG-SMT1 210203859289A' is selected.
14:47:53 INFO  : 'jtag frequency' command is executed.
14:47:53 INFO  : Sourcing of 'C:/Users/WH/Amro_PZ101/1030_latest/pz101_NO_OS_PPS_1030_intr_udp/PZ_PZP101_NO_OS.sdk/system_top_hw_platform_0/ps7_init.tcl' is done.
14:47:54 INFO  : Context for 'APU' is selected.
14:47:56 INFO  : Hardware design information is loaded from 'C:/Users/WH/Amro_PZ101/1030_latest/pz101_NO_OS_PPS_1030_intr_udp/PZ_PZP101_NO_OS.sdk/system_top_hw_platform_0/system.hdf'.
14:47:56 INFO  : 'configparams force-mem-access 1' command is executed.
14:47:56 INFO  : Context for 'APU' is selected.
14:47:56 INFO  : 'stop' command is executed.
14:47:57 INFO  : 'ps7_init' command is executed.
14:47:57 INFO  : 'ps7_post_config' command is executed.
14:47:57 INFO  : Context for processor 'ps7_cortexa9_0' is selected.
14:47:57 INFO  : Processor reset is completed for 'ps7_cortexa9_0'.
14:47:57 INFO  : Context for processor 'ps7_cortexa9_0' is selected.
14:47:58 INFO  : The application 'C:/Users/WH/Amro_PZ101/1030_latest/pz101_NO_OS_PPS_1030_intr_udp/PZ_PZP101_NO_OS.sdk/test/Debug/test.elf' is downloaded to processor 'ps7_cortexa9_0'.
14:47:58 INFO  : 'configparams force-mem-access 0' command is executed.
14:47:58 INFO  : ----------------XSDB Script----------------
connect -url tcp:127.0.0.1:3121
source C:/Users/WH/Amro_PZ101/1030_latest/pz101_NO_OS_PPS_1030_intr_udp/PZ_PZP101_NO_OS.sdk/system_top_hw_platform_0/ps7_init.tcl
targets -set -nocase -filter {name =~"APU*" && jtag_cable_name =~ "Digilent JTAG-SMT1 210203859289A"} -index 0
loadhw -hw C:/Users/WH/Amro_PZ101/1030_latest/pz101_NO_OS_PPS_1030_intr_udp/PZ_PZP101_NO_OS.sdk/system_top_hw_platform_0/system.hdf -mem-ranges [list {0x40000000 0xbfffffff}]
configparams force-mem-access 1
targets -set -nocase -filter {name =~"APU*" && jtag_cable_name =~ "Digilent JTAG-SMT1 210203859289A"} -index 0
stop
ps7_init
ps7_post_config
targets -set -nocase -filter {name =~ "ARM*#0" && jtag_cable_name =~ "Digilent JTAG-SMT1 210203859289A"} -index 0
rst -processor
targets -set -nocase -filter {name =~ "ARM*#0" && jtag_cable_name =~ "Digilent JTAG-SMT1 210203859289A"} -index 0
dow C:/Users/WH/Amro_PZ101/1030_latest/pz101_NO_OS_PPS_1030_intr_udp/PZ_PZP101_NO_OS.sdk/test/Debug/test.elf
configparams force-mem-access 0
----------------End of Script----------------

14:47:58 INFO  : Memory regions updated for context APU
14:47:58 INFO  : Context for processor 'ps7_cortexa9_0' is selected.
14:47:58 INFO  : 'con' command is executed.
14:47:58 INFO  : ----------------XSDB Script (After Launch)----------------
targets -set -nocase -filter {name =~ "ARM*#0" && jtag_cable_name =~ "Digilent JTAG-SMT1 210203859289A"} -index 0
con
----------------End of Script----------------

14:47:58 INFO  : Launch script is exported to file 'C:\Users\WH\Amro_PZ101\1030_latest\pz101_NO_OS_PPS_1030_intr_udp\PZ_PZP101_NO_OS.sdk\.sdk\launch_scripts\xilinx_c-c++_application_(system_debugger)\system_debugger_using_debug_test.elf_on_local.tcl'
14:49:48 INFO  : Disconnected from the channel tcfchan#4.
15:33:20 INFO  : Registering command handlers for SDK TCF services
15:33:21 INFO  : Launching XSCT server: xsct.bat -interactive C:\Users\WH\Amro_PZ101\1030_latest\pz101_NO_OS_PPS_1030_intr_udp\PZ_PZP101_NO_OS.sdk\temp_xsdb_launch_script.tcl
15:33:24 INFO  : XSCT server has started successfully.
15:33:24 INFO  : Successfully done setting XSCT server connection channel  
15:33:24 INFO  : Successfully done setting SDK workspace  
15:33:24 INFO  : Processing command line option -hwspec C:/Users/WH/Amro_PZ101/1030_latest/pz101_NO_OS_PPS_1030_intr_udp/PZ_PZP101_NO_OS.sdk/system_top.hdf.
15:33:24 INFO  : Checking for hwspec changes in the project system_top_hw_platform_0.
15:33:26 INFO  : SDK has detected change in the last modified timestamps for source hardware specification file Source:1757095371271,  Project:1757090903337
15:33:26 INFO  : The hardware specification for project 'system_top_hw_platform_0' is different from C:/Users/WH/Amro_PZ101/1030_latest/pz101_NO_OS_PPS_1030_intr_udp/PZ_PZP101_NO_OS.sdk/system_top.hdf.
15:33:26 INFO  : Copied contents of C:/Users/WH/Amro_PZ101/1030_latest/pz101_NO_OS_PPS_1030_intr_udp/PZ_PZP101_NO_OS.sdk/system_top.hdf into \system_top_hw_platform_0\system.hdf.
15:33:29 INFO  : Synchronizing projects in the workspace with the hardware platform specification changes.
15:33:32 INFO  : 
15:33:33 INFO  : Updating hardware inferred compiler options for test.
15:33:33 INFO  : Clearing existing target manager status.
